# JRE version: OpenJDK Runtime Environment (21.0.9) (build 21.0.9+-14787801-b1163.94)
# Java VM: OpenJDK 64-Bit Server VM (21.0.9+-14787801-b1163.94, mixed mode, tiered, compressed oops, compressed class ptrs, g1 gc, windows-amd64)
GC Precious Log:
 CardTable entry size: 512
 Card Set container configuration: InlinePtr #cards 5 size 8 Array Of Cards #cards 12 size 40 Howl #buckets 4 coarsen threshold 1843 Howl Bitmap #cards 512 size 80 coarsen threshold 460 Card regions per heap region 1 cards per card region 2048
 CPUs: 8 total, 8 available
 Memory: 16197M
 Large Page Support: Disabled
 NUMA Support: Disabled
 Compressed Oops: Enabled (32-bit)
 Heap Region Size: 1M
 Heap Min Capacity: 8M
 Heap Initial Capacity: 254M
 Heap Max Capacity: 2G
 Pre-touch: Disabled
 Parallel Workers: 8
 Concurrent Workers: 2
 Concurrent Refinement Workers: 8
 Periodic GC: Disabled
Heap:
 garbage-first heap   total 89088K, used 43414K [0x0000000080000000, 0x0000000100000000)
  region size 1024K, 11 young (11264K), 4 survivors (4096K)
 Metaspace       used 55351K, committed 56896K, reserved 1114112K
  class space    used 7823K, committed 8576K, reserved 1048576K
GC Heap History (18 events):
Event: 2.007 GC heap before
{Heap before GC invocations=0 (full 0):
 garbage-first heap   total 260096K, used 22528K [0x0000000080000000, 0x0000000100000000)
  region size 1024K, 23 young (23552K), 0 survivors (0K)
 Metaspace       used 7888K, committed 8064K, reserved 1114112K
  class space    used 737K, committed 832K, reserved 1048576K
}
Event: 2.054 GC heap after
{Heap after GC invocations=1 (full 0):
 garbage-first heap   total 260096K, used 1194K [0x0000000080000000, 0x0000000100000000)
  region size 1024K, 2 young (2048K), 2 survivors (2048K)
 Metaspace       used 7888K, committed 8064K, reserved 1114112K
  class space    used 737K, committed 832K, reserved 1048576K
}
Event: 4.671 GC heap before
{Heap before GC invocations=1 (full 0):
 garbage-first heap   total 260096K, used 42154K [0x0000000080000000, 0x0000000100000000)
  region size 1024K, 39 young (39936K), 2 survivors (2048K)
 Metaspace       used 11885K, committed 12096K, reserved 1114112K
  class space    used 1281K, committed 1344K, reserved 1048576K
}
Event: 4.676 GC heap after
{Heap after GC invocations=2 (full 0):
 garbage-first heap   total 260096K, used 11397K [0x0000000080000000, 0x0000000100000000)
  region size 1024K, 5 young (5120K), 5 survivors (5120K)
 Metaspace       used 11885K, committed 12096K, reserved 1114112K
  class space    used 1281K, committed 1344K, reserved 1048576K
}
Event: 13.815 GC heap before
{Heap before GC invocations=2 (full 0):
 garbage-first heap   total 260096K, used 160901K [0x0000000080000000, 0x0000000100000000)
  region size 1024K, 150 young (153600K), 5 survivors (5120K)
 Metaspace       used 21208K, committed 21504K, reserved 1114112K
  class space    used 2477K, committed 2624K, reserved 1048576K
}
Event: 13.830 GC heap after
{Heap after GC invocations=3 (full 0):
 garbage-first heap   total 260096K, used 21523K [0x0000000080000000, 0x0000000100000000)
  region size 1024K, 14 young (14336K), 14 survivors (14336K)
 Metaspace       used 21208K, committed 21504K, reserved 1114112K
  class space    used 2477K, committed 2624K, reserved 1048576K
}
Event: 17.159 GC heap before
{Heap before GC invocations=4 (full 0):
 garbage-first heap   total 75776K, used 73747K [0x0000000080000000, 0x0000000100000000)
  region size 1024K, 64 young (65536K), 14 survivors (14336K)
 Metaspace       used 29859K, committed 30336K, reserved 1114112K
  class space    used 3708K, committed 3968K, reserved 1048576K
}
Event: 17.171 GC heap after
{Heap after GC invocations=5 (full 0):
 garbage-first heap   total 93184K, used 24089K [0x0000000080000000, 0x0000000100000000)
  region size 1024K, 12 young (12288K), 12 survivors (12288K)
 Metaspace       used 29859K, committed 30336K, reserved 1114112K
  class space    used 3708K, committed 3968K, reserved 1048576K
}
Event: 19.660 GC heap before
{Heap before GC invocations=5 (full 0):
 garbage-first heap   total 93184K, used 63001K [0x0000000080000000, 0x0000000100000000)
  region size 1024K, 52 young (53248K), 12 survivors (12288K)
 Metaspace       used 35273K, committed 35968K, reserved 1114112K
  class space    used 4615K, committed 4928K, reserved 1048576K
}
Event: 19.666 GC heap after
{Heap after GC invocations=6 (full 0):
 garbage-first heap   total 93184K, used 26515K [0x0000000080000000, 0x0000000100000000)
  region size 1024K, 6 young (6144K), 6 survivors (6144K)
 Metaspace       used 35273K, committed 35968K, reserved 1114112K
  class space    used 4615K, committed 4928K, reserved 1048576K
}
Event: 20.134 GC heap before
{Heap before GC invocations=6 (full 0):
 garbage-first heap   total 93184K, used 28563K [0x0000000080000000, 0x0000000100000000)
  region size 1024K, 9 young (9216K), 6 survivors (6144K)
 Metaspace       used 35555K, committed 36288K, reserved 1114112K
  class space    used 4663K, committed 4992K, reserved 1048576K
}
Event: 20.138 GC heap after
{Heap after GC invocations=7 (full 0):
 garbage-first heap   total 93184K, used 26624K [0x0000000080000000, 0x0000000100000000)
  region size 1024K, 3 young (3072K), 3 survivors (3072K)
 Metaspace       used 35555K, committed 36288K, reserved 1114112K
  class space    used 4663K, committed 4992K, reserved 1048576K
}
Event: 23.146 GC heap before
{Heap before GC invocations=8 (full 0):
 garbage-first heap   total 89088K, used 78848K [0x0000000080000000, 0x0000000100000000)
  region size 1024K, 54 young (55296K), 3 survivors (3072K)
 Metaspace       used 42321K, committed 43520K, reserved 1114112K
  class space    used 5851K, committed 6400K, reserved 1048576K
}
Event: 23.152 GC heap after
{Heap after GC invocations=9 (full 0):
 garbage-first heap   total 89088K, used 29195K [0x0000000080000000, 0x0000000100000000)
  region size 1024K, 6 young (6144K), 6 survivors (6144K)
 Metaspace       used 42321K, committed 43520K, reserved 1114112K
  class space    used 5851K, committed 6400K, reserved 1048576K
}
Event: 25.244 GC heap before
{Heap before GC invocations=9 (full 0):
 garbage-first heap   total 89088K, used 75275K [0x0000000080000000, 0x0000000100000000)
  region size 1024K, 52 young (53248K), 6 survivors (6144K)
 Metaspace       used 49636K, committed 51008K, reserved 1114112K
  class space    used 6860K, committed 7488K, reserved 1048576K
}
Event: 25.252 GC heap after
{Heap after GC invocations=10 (full 0):
 garbage-first heap   total 89088K, used 33321K [0x0000000080000000, 0x0000000100000000)
  region size 1024K, 7 young (7168K), 7 survivors (7168K)
 Metaspace       used 49636K, committed 51008K, reserved 1114112K
  class space    used 6860K, committed 7488K, reserved 1048576K
}
Event: 29.690 GC heap before
{Heap before GC invocations=10 (full 0):
 garbage-first heap   total 89088K, used 76329K [0x0000000080000000, 0x0000000100000000)
  region size 1024K, 49 young (50176K), 7 survivors (7168K)
 Metaspace       used 54852K, committed 56448K, reserved 1114112K
  class space    used 7742K, committed 8512K, reserved 1048576K
}
Event: 29.694 GC heap after
{Heap after GC invocations=11 (full 0):
 garbage-first heap   total 89088K, used 37270K [0x0000000080000000, 0x0000000100000000)
  region size 1024K, 4 young (4096K), 4 survivors (4096K)
 Metaspace       used 54852K, committed 56448K, reserved 1114112K
  class space    used 7742K, committed 8512K, reserved 1048576K
}

